<?xml version="1.0" encoding="UTF-8"?>
<testsuite xmlns:xsi="http://www.w3.org/2001/XMLSchema-instance" xsi:noNamespaceSchemaLocation="https://maven.apache.org/surefire/maven-surefire-plugin/xsd/surefire-test-report-3.0.xsd" version="3.0" name="com.example.demo.MusicAppApplicationTests" time="2.404" tests="1" errors="0" skipped="0" failures="0">
  <properties>
    <property name="java.specification.version" value="21"/>
    <property name="sun.jnu.encoding" value="UTF-8"/>
    <property name="java.class.path" value="/Users/ryanturlington/IdeaProjects/SoftAppMusic/BackEnd/target/test-classes:/Users/ryanturlington/IdeaProjects/SoftAppMusic/BackEnd/target/classes:/Users/ryanturlington/.m2/repository/org/springframework/boot/spring-boot-starter-data-jpa/3.2.2/spring-boot-starter-data-jpa-3.2.2.jar:/Users/ryanturlington/.m2/repository/org/springframework/boot/spring-boot-starter-aop/3.2.2/spring-boot-starter-aop-3.2.2.jar:/Users/ryanturlington/.m2/repository/org/springframework/spring-aop/6.1.3/spring-aop-6.1.3.jar:/Users/ryanturlington/.m2/repository/org/aspectj/aspectjweaver/1.9.21/aspectjweaver-1.9.21.jar:/Users/ryanturlington/.m2/repository/org/springframework/boot/spring-boot-starter-jdbc/3.2.2/spring-boot-starter-jdbc-3.2.2.jar:/Users/ryanturlington/.m2/repository/com/zaxxer/HikariCP/5.0.1/HikariCP-5.0.1.jar:/Users/ryanturlington/.m2/repository/org/springframework/spring-jdbc/6.1.3/spring-jdbc-6.1.3.jar:/Users/ryanturlington/.m2/repository/org/hibernate/orm/hibernate-core/6.4.1.Final/hibernate-core-6.4.1.Final.jar:/Users/ryanturlington/.m2/repository/jakarta/persistence/jakarta.persistence-api/3.1.0/jakarta.persistence-api-3.1.0.jar:/Users/ryanturlington/.m2/repository/jakarta/transaction/jakarta.transaction-api/2.0.1/jakarta.transaction-api-2.0.1.jar:/Users/ryanturlington/.m2/repository/org/jboss/logging/jboss-logging/3.5.3.Final/jboss-logging-3.5.3.Final.jar:/Users/ryanturlington/.m2/repository/org/hibernate/common/hibernate-commons-annotations/6.0.6.Final/hibernate-commons-annotations-6.0.6.Final.jar:/Users/ryanturlington/.m2/repository/io/smallrye/jandex/3.1.2/jandex-3.1.2.jar:/Users/ryanturlington/.m2/repository/com/fasterxml/classmate/1.6.0/classmate-1.6.0.jar:/Users/ryanturlington/.m2/repository/net/bytebuddy/byte-buddy/1.14.11/byte-buddy-1.14.11.jar:/Users/ryanturlington/.m2/repository/org/glassfish/jaxb/jaxb-runtime/4.0.4/jaxb-runtime-4.0.4.jar:/Users/ryanturlington/.m2/repository/org/glassfish/jaxb/jaxb-core/4.0.4/jaxb-core-4.0.4.jar:/Users/ryanturlington/.m2/repository/org/eclipse/angus/angus-activation/2.0.1/angus-activation-2.0.1.jar:/Users/ryanturlington/.m2/repository/org/glassfish/jaxb/txw2/4.0.4/txw2-4.0.4.jar:/Users/ryanturlington/.m2/repository/com/sun/istack/istack-commons-runtime/4.1.2/istack-commons-runtime-4.1.2.jar:/Users/ryanturlington/.m2/repository/jakarta/inject/jakarta.inject-api/2.0.1/jakarta.inject-api-2.0.1.jar:/Users/ryanturlington/.m2/repository/org/antlr/antlr4-runtime/4.13.0/antlr4-runtime-4.13.0.jar:/Users/ryanturlington/.m2/repository/org/springframework/data/spring-data-jpa/3.2.2/spring-data-jpa-3.2.2.jar:/Users/ryanturlington/.m2/repository/org/springframework/data/spring-data-commons/3.2.2/spring-data-commons-3.2.2.jar:/Users/ryanturlington/.m2/repository/org/springframework/spring-orm/6.1.3/spring-orm-6.1.3.jar:/Users/ryanturlington/.m2/repository/org/springframework/spring-context/6.1.3/spring-context-6.1.3.jar:/Users/ryanturlington/.m2/repository/org/springframework/spring-expression/6.1.3/spring-expression-6.1.3.jar:/Users/ryanturlington/.m2/repository/org/springframework/spring-tx/6.1.3/spring-tx-6.1.3.jar:/Users/ryanturlington/.m2/repository/org/springframework/spring-beans/6.1.3/spring-beans-6.1.3.jar:/Users/ryanturlington/.m2/repository/jakarta/annotation/jakarta.annotation-api/2.1.1/jakarta.annotation-api-2.1.1.jar:/Users/ryanturlington/.m2/repository/org/slf4j/slf4j-api/2.0.11/slf4j-api-2.0.11.jar:/Users/ryanturlington/.m2/repository/org/springframework/spring-aspects/6.1.3/spring-aspects-6.1.3.jar:/Users/ryanturlington/.m2/repository/org/springframework/boot/spring-boot-starter-webflux/3.2.2/spring-boot-starter-webflux-3.2.2.jar:/Users/ryanturlington/.m2/repository/org/springframework/boot/spring-boot-starter/3.2.2/spring-boot-starter-3.2.2.jar:/Users/ryanturlington/.m2/repository/org/springframework/boot/spring-boot/3.2.2/spring-boot-3.2.2.jar:/Users/ryanturlington/.m2/repository/org/springframework/boot/spring-boot-autoconfigure/3.2.2/spring-boot-autoconfigure-3.2.2.jar:/Users/ryanturlington/.m2/repository/org/springframework/boot/spring-boot-starter-logging/3.2.2/spring-boot-starter-logging-3.2.2.jar:/Users/ryanturlington/.m2/repository/ch/qos/logback/logback-classic/1.4.14/logback-classic-1.4.14.jar:/Users/ryanturlington/.m2/repository/ch/qos/logback/logback-core/1.4.14/logback-core-1.4.14.jar:/Users/ryanturlington/.m2/repository/org/apache/logging/log4j/log4j-to-slf4j/2.21.1/log4j-to-slf4j-2.21.1.jar:/Users/ryanturlington/.m2/repository/org/apache/logging/log4j/log4j-api/2.21.1/log4j-api-2.21.1.jar:/Users/ryanturlington/.m2/repository/org/slf4j/jul-to-slf4j/2.0.11/jul-to-slf4j-2.0.11.jar:/Users/ryanturlington/.m2/repository/org/yaml/snakeyaml/2.2/snakeyaml-2.2.jar:/Users/ryanturlington/.m2/repository/org/springframework/boot/spring-boot-starter-json/3.2.2/spring-boot-starter-json-3.2.2.jar:/Users/ryanturlington/.m2/repository/com/fasterxml/jackson/core/jackson-databind/2.15.3/jackson-databind-2.15.3.jar:/Users/ryanturlington/.m2/repository/com/fasterxml/jackson/core/jackson-annotations/2.15.3/jackson-annotations-2.15.3.jar:/Users/ryanturlington/.m2/repository/com/fasterxml/jackson/core/jackson-core/2.15.3/jackson-core-2.15.3.jar:/Users/ryanturlington/.m2/repository/com/fasterxml/jackson/datatype/jackson-datatype-jdk8/2.15.3/jackson-datatype-jdk8-2.15.3.jar:/Users/ryanturlington/.m2/repository/com/fasterxml/jackson/datatype/jackson-datatype-jsr310/2.15.3/jackson-datatype-jsr310-2.15.3.jar:/Users/ryanturlington/.m2/repository/com/fasterxml/jackson/module/jackson-module-parameter-names/2.15.3/jackson-module-parameter-names-2.15.3.jar:/Users/ryanturlington/.m2/repository/org/springframework/boot/spring-boot-starter-reactor-netty/3.2.2/spring-boot-starter-reactor-netty-3.2.2.jar:/Users/ryanturlington/.m2/repository/io/projectreactor/netty/reactor-netty-http/1.1.15/reactor-netty-http-1.1.15.jar:/Users/ryanturlington/.m2/repository/io/netty/netty-codec-http/4.1.105.Final/netty-codec-http-4.1.105.Final.jar:/Users/ryanturlington/.m2/repository/io/netty/netty-common/4.1.105.Final/netty-common-4.1.105.Final.jar:/Users/ryanturlington/.m2/repository/io/netty/netty-buffer/4.1.105.Final/netty-buffer-4.1.105.Final.jar:/Users/ryanturlington/.m2/repository/io/netty/netty-transport/4.1.105.Final/netty-transport-4.1.105.Final.jar:/Users/ryanturlington/.m2/repository/io/netty/netty-codec/4.1.105.Final/netty-codec-4.1.105.Final.jar:/Users/ryanturlington/.m2/repository/io/netty/netty-handler/4.1.105.Final/netty-handler-4.1.105.Final.jar:/Users/ryanturlington/.m2/repository/io/netty/netty-codec-http2/4.1.105.Final/netty-codec-http2-4.1.105.Final.jar:/Users/ryanturlington/.m2/repository/io/netty/netty-resolver-dns/4.1.105.Final/netty-resolver-dns-4.1.105.Final.jar:/Users/ryanturlington/.m2/repository/io/netty/netty-resolver/4.1.105.Final/netty-resolver-4.1.105.Final.jar:/Users/ryanturlington/.m2/repository/io/netty/netty-codec-dns/4.1.105.Final/netty-codec-dns-4.1.105.Final.jar:/Users/ryanturlington/.m2/repository/io/netty/netty-resolver-dns-native-macos/4.1.105.Final/netty-resolver-dns-native-macos-4.1.105.Final-osx-x86_64.jar:/Users/ryanturlington/.m2/repository/io/netty/netty-resolver-dns-classes-macos/4.1.105.Final/netty-resolver-dns-classes-macos-4.1.105.Final.jar:/Users/ryanturlington/.m2/repository/io/netty/netty-transport-native-epoll/4.1.105.Final/netty-transport-native-epoll-4.1.105.Final-linux-x86_64.jar:/Users/ryanturlington/.m2/repository/io/netty/netty-transport-native-unix-common/4.1.105.Final/netty-transport-native-unix-common-4.1.105.Final.jar:/Users/ryanturlington/.m2/repository/io/netty/netty-transport-classes-epoll/4.1.105.Final/netty-transport-classes-epoll-4.1.105.Final.jar:/Users/ryanturlington/.m2/repository/io/projectreactor/netty/reactor-netty-core/1.1.15/reactor-netty-core-1.1.15.jar:/Users/ryanturlington/.m2/repository/io/netty/netty-handler-proxy/4.1.105.Final/netty-handler-proxy-4.1.105.Final.jar:/Users/ryanturlington/.m2/repository/io/netty/netty-codec-socks/4.1.105.Final/netty-codec-socks-4.1.105.Final.jar:/Users/ryanturlington/.m2/repository/org/springframework/spring-web/6.1.3/spring-web-6.1.3.jar:/Users/ryanturlington/.m2/repository/io/micrometer/micrometer-observation/1.12.2/micrometer-observation-1.12.2.jar:/Users/ryanturlington/.m2/repository/io/micrometer/micrometer-commons/1.12.2/micrometer-commons-1.12.2.jar:/Users/ryanturlington/.m2/repository/org/springframework/spring-webflux/6.1.3/spring-webflux-6.1.3.jar:/Users/ryanturlington/.m2/repository/org/postgresql/postgresql/42.6.0/postgresql-42.6.0.jar:/Users/ryanturlington/.m2/repository/org/checkerframework/checker-qual/3.31.0/checker-qual-3.31.0.jar:/Users/ryanturlington/.m2/repository/org/springframework/boot/spring-boot-starter-test/3.2.2/spring-boot-starter-test-3.2.2.jar:/Users/ryanturlington/.m2/repository/org/springframework/boot/spring-boot-test/3.2.2/spring-boot-test-3.2.2.jar:/Users/ryanturlington/.m2/repository/org/springframework/boot/spring-boot-test-autoconfigure/3.2.2/spring-boot-test-autoconfigure-3.2.2.jar:/Users/ryanturlington/.m2/repository/com/jayway/jsonpath/json-path/2.8.0/json-path-2.8.0.jar:/Users/ryanturlington/.m2/repository/jakarta/xml/bind/jakarta.xml.bind-api/4.0.1/jakarta.xml.bind-api-4.0.1.jar:/Users/ryanturlington/.m2/repository/jakarta/activation/jakarta.activation-api/2.1.2/jakarta.activation-api-2.1.2.jar:/Users/ryanturlington/.m2/repository/net/minidev/json-smart/2.5.0/json-smart-2.5.0.jar:/Users/ryanturlington/.m2/repository/net/minidev/accessors-smart/2.5.0/accessors-smart-2.5.0.jar:/Users/ryanturlington/.m2/repository/org/ow2/asm/asm/9.3/asm-9.3.jar:/Users/ryanturlington/.m2/repository/org/assertj/assertj-core/3.24.2/assertj-core-3.24.2.jar:/Users/ryanturlington/.m2/repository/org/awaitility/awaitility/4.2.0/awaitility-4.2.0.jar:/Users/ryanturlington/.m2/repository/org/hamcrest/hamcrest/2.2/hamcrest-2.2.jar:/Users/ryanturlington/.m2/repository/org/junit/jupiter/junit-jupiter/5.10.1/junit-jupiter-5.10.1.jar:/Users/ryanturlington/.m2/repository/org/junit/jupiter/junit-jupiter-api/5.10.1/junit-jupiter-api-5.10.1.jar:/Users/ryanturlington/.m2/repository/org/opentest4j/opentest4j/1.3.0/opentest4j-1.3.0.jar:/Users/ryanturlington/.m2/repository/org/junit/platform/junit-platform-commons/1.10.1/junit-platform-commons-1.10.1.jar:/Users/ryanturlington/.m2/repository/org/apiguardian/apiguardian-api/1.1.2/apiguardian-api-1.1.2.jar:/Users/ryanturlington/.m2/repository/org/junit/jupiter/junit-jupiter-params/5.10.1/junit-jupiter-params-5.10.1.jar:/Users/ryanturlington/.m2/repository/org/junit/jupiter/junit-jupiter-engine/5.10.1/junit-jupiter-engine-5.10.1.jar:/Users/ryanturlington/.m2/repository/org/junit/platform/junit-platform-engine/1.10.1/junit-platform-engine-1.10.1.jar:/Users/ryanturlington/.m2/repository/org/mockito/mockito-core/5.7.0/mockito-core-5.7.0.jar:/Users/ryanturlington/.m2/repository/net/bytebuddy/byte-buddy-agent/1.14.11/byte-buddy-agent-1.14.11.jar:/Users/ryanturlington/.m2/repository/org/objenesis/objenesis/3.3/objenesis-3.3.jar:/Users/ryanturlington/.m2/repository/org/mockito/mockito-junit-jupiter/5.7.0/mockito-junit-jupiter-5.7.0.jar:/Users/ryanturlington/.m2/repository/org/skyscreamer/jsonassert/1.5.1/jsonassert-1.5.1.jar:/Users/ryanturlington/.m2/repository/com/vaadin/external/google/android-json/0.0.20131108.vaadin1/android-json-0.0.20131108.vaadin1.jar:/Users/ryanturlington/.m2/repository/org/springframework/spring-core/6.1.3/spring-core-6.1.3.jar:/Users/ryanturlington/.m2/repository/org/springframework/spring-jcl/6.1.3/spring-jcl-6.1.3.jar:/Users/ryanturlington/.m2/repository/org/springframework/spring-test/6.1.3/spring-test-6.1.3.jar:/Users/ryanturlington/.m2/repository/org/xmlunit/xmlunit-core/2.9.1/xmlunit-core-2.9.1.jar:/Users/ryanturlington/.m2/repository/io/projectreactor/reactor-test/3.6.2/reactor-test-3.6.2.jar:/Users/ryanturlington/.m2/repository/io/projectreactor/reactor-core/3.6.2/reactor-core-3.6.2.jar:/Users/ryanturlington/.m2/repository/org/reactivestreams/reactive-streams/1.0.4/reactive-streams-1.0.4.jar:"/>
    <property name="java.vm.vendor" value="Homebrew"/>
    <property name="sun.arch.data.model" value="64"/>
    <property name="java.vendor.url" value="https://github.com/Homebrew/homebrew-core/issues"/>
    <property name="user.timezone" value="America/New_York"/>
    <property name="org.jboss.logging.provider" value="slf4j"/>
    <property name="os.name" value="Mac OS X"/>
    <property name="java.vm.specification.version" value="21"/>
    <property name="sun.java.launcher" value="SUN_STANDARD"/>
    <property name="user.country" value="US"/>
    <property name="sun.boot.library.path" value="/opt/homebrew/Cellar/openjdk/21.0.2/libexec/openjdk.jdk/Contents/Home/lib"/>
    <property name="sun.java.command" value="/Users/ryanturlington/IdeaProjects/SoftAppMusic/BackEnd/target/surefire/surefirebooter-20240212151602595_3.jar /Users/ryanturlington/IdeaProjects/SoftAppMusic/BackEnd/target/surefire 2024-02-12T15-16-02_561-jvmRun1 surefire-20240212151602595_1tmp surefire_0-20240212151602595_2tmp"/>
    <property name="http.nonProxyHosts" value="local|*.local|169.254/16|*.169.254/16"/>
    <property name="jdk.debug" value="release"/>
    <property name="surefire.test.class.path" value="/Users/ryanturlington/IdeaProjects/SoftAppMusic/BackEnd/target/test-classes:/Users/ryanturlington/IdeaProjects/SoftAppMusic/BackEnd/target/classes:/Users/ryanturlington/.m2/repository/org/springframework/boot/spring-boot-starter-data-jpa/3.2.2/spring-boot-starter-data-jpa-3.2.2.jar:/Users/ryanturlington/.m2/repository/org/springframework/boot/spring-boot-starter-aop/3.2.2/spring-boot-starter-aop-3.2.2.jar:/Users/ryanturlington/.m2/repository/org/springframework/spring-aop/6.1.3/spring-aop-6.1.3.jar:/Users/ryanturlington/.m2/repository/org/aspectj/aspectjweaver/1.9.21/aspectjweaver-1.9.21.jar:/Users/ryanturlington/.m2/repository/org/springframework/boot/spring-boot-starter-jdbc/3.2.2/spring-boot-starter-jdbc-3.2.2.jar:/Users/ryanturlington/.m2/repository/com/zaxxer/HikariCP/5.0.1/HikariCP-5.0.1.jar:/Users/ryanturlington/.m2/repository/org/springframework/spring-jdbc/6.1.3/spring-jdbc-6.1.3.jar:/Users/ryanturlington/.m2/repository/org/hibernate/orm/hibernate-core/6.4.1.Final/hibernate-core-6.4.1.Final.jar:/Users/ryanturlington/.m2/repository/jakarta/persistence/jakarta.persistence-api/3.1.0/jakarta.persistence-api-3.1.0.jar:/Users/ryanturlington/.m2/repository/jakarta/transaction/jakarta.transaction-api/2.0.1/jakarta.transaction-api-2.0.1.jar:/Users/ryanturlington/.m2/repository/org/jboss/logging/jboss-logging/3.5.3.Final/jboss-logging-3.5.3.Final.jar:/Users/ryanturlington/.m2/repository/org/hibernate/common/hibernate-commons-annotations/6.0.6.Final/hibernate-commons-annotations-6.0.6.Final.jar:/Users/ryanturlington/.m2/repository/io/smallrye/jandex/3.1.2/jandex-3.1.2.jar:/Users/ryanturlington/.m2/repository/com/fasterxml/classmate/1.6.0/classmate-1.6.0.jar:/Users/ryanturlington/.m2/repository/net/bytebuddy/byte-buddy/1.14.11/byte-buddy-1.14.11.jar:/Users/ryanturlington/.m2/repository/org/glassfish/jaxb/jaxb-runtime/4.0.4/jaxb-runtime-4.0.4.jar:/Users/ryanturlington/.m2/repository/org/glassfish/jaxb/jaxb-core/4.0.4/jaxb-core-4.0.4.jar:/Users/ryanturlington/.m2/repository/org/eclipse/angus/angus-activation/2.0.1/angus-activation-2.0.1.jar:/Users/ryanturlington/.m2/repository/org/glassfish/jaxb/txw2/4.0.4/txw2-4.0.4.jar:/Users/ryanturlington/.m2/repository/com/sun/istack/istack-commons-runtime/4.1.2/istack-commons-runtime-4.1.2.jar:/Users/ryanturlington/.m2/repository/jakarta/inject/jakarta.inject-api/2.0.1/jakarta.inject-api-2.0.1.jar:/Users/ryanturlington/.m2/repository/org/antlr/antlr4-runtime/4.13.0/antlr4-runtime-4.13.0.jar:/Users/ryanturlington/.m2/repository/org/springframework/data/spring-data-jpa/3.2.2/spring-data-jpa-3.2.2.jar:/Users/ryanturlington/.m2/repository/org/springframework/data/spring-data-commons/3.2.2/spring-data-commons-3.2.2.jar:/Users/ryanturlington/.m2/repository/org/springframework/spring-orm/6.1.3/spring-orm-6.1.3.jar:/Users/ryanturlington/.m2/repository/org/springframework/spring-context/6.1.3/spring-context-6.1.3.jar:/Users/ryanturlington/.m2/repository/org/springframework/spring-expression/6.1.3/spring-expression-6.1.3.jar:/Users/ryanturlington/.m2/repository/org/springframework/spring-tx/6.1.3/spring-tx-6.1.3.jar:/Users/ryanturlington/.m2/repository/org/springframework/spring-beans/6.1.3/spring-beans-6.1.3.jar:/Users/ryanturlington/.m2/repository/jakarta/annotation/jakarta.annotation-api/2.1.1/jakarta.annotation-api-2.1.1.jar:/Users/ryanturlington/.m2/repository/org/slf4j/slf4j-api/2.0.11/slf4j-api-2.0.11.jar:/Users/ryanturlington/.m2/repository/org/springframework/spring-aspects/6.1.3/spring-aspects-6.1.3.jar:/Users/ryanturlington/.m2/repository/org/springframework/boot/spring-boot-starter-webflux/3.2.2/spring-boot-starter-webflux-3.2.2.jar:/Users/ryanturlington/.m2/repository/org/springframework/boot/spring-boot-starter/3.2.2/spring-boot-starter-3.2.2.jar:/Users/ryanturlington/.m2/repository/org/springframework/boot/spring-boot/3.2.2/spring-boot-3.2.2.jar:/Users/ryanturlington/.m2/repository/org/springframework/boot/spring-boot-autoconfigure/3.2.2/spring-boot-autoconfigure-3.2.2.jar:/Users/ryanturlington/.m2/repository/org/springframework/boot/spring-boot-starter-logging/3.2.2/spring-boot-starter-logging-3.2.2.jar:/Users/ryanturlington/.m2/repository/ch/qos/logback/logback-classic/1.4.14/logback-classic-1.4.14.jar:/Users/ryanturlington/.m2/repository/ch/qos/logback/logback-core/1.4.14/logback-core-1.4.14.jar:/Users/ryanturlington/.m2/repository/org/apache/logging/log4j/log4j-to-slf4j/2.21.1/log4j-to-slf4j-2.21.1.jar:/Users/ryanturlington/.m2/repository/org/apache/logging/log4j/log4j-api/2.21.1/log4j-api-2.21.1.jar:/Users/ryanturlington/.m2/repository/org/slf4j/jul-to-slf4j/2.0.11/jul-to-slf4j-2.0.11.jar:/Users/ryanturlington/.m2/repository/org/yaml/snakeyaml/2.2/snakeyaml-2.2.jar:/Users/ryanturlington/.m2/repository/org/springframework/boot/spring-boot-starter-json/3.2.2/spring-boot-starter-json-3.2.2.jar:/Users/ryanturlington/.m2/repository/com/fasterxml/jackson/core/jackson-databind/2.15.3/jackson-databind-2.15.3.jar:/Users/ryanturlington/.m2/repository/com/fasterxml/jackson/core/jackson-annotations/2.15.3/jackson-annotations-2.15.3.jar:/Users/ryanturlington/.m2/repository/com/fasterxml/jackson/core/jackson-core/2.15.3/jackson-core-2.15.3.jar:/Users/ryanturlington/.m2/repository/com/fasterxml/jackson/datatype/jackson-datatype-jdk8/2.15.3/jackson-datatype-jdk8-2.15.3.jar:/Users/ryanturlington/.m2/repository/com/fasterxml/jackson/datatype/jackson-datatype-jsr310/2.15.3/jackson-datatype-jsr310-2.15.3.jar:/Users/ryanturlington/.m2/repository/com/fasterxml/jackson/module/jackson-module-parameter-names/2.15.3/jackson-module-parameter-names-2.15.3.jar:/Users/ryanturlington/.m2/repository/org/springframework/boot/spring-boot-starter-reactor-netty/3.2.2/spring-boot-starter-reactor-netty-3.2.2.jar:/Users/ryanturlington/.m2/repository/io/projectreactor/netty/reactor-netty-http/1.1.15/reactor-netty-http-1.1.15.jar:/Users/ryanturlington/.m2/repository/io/netty/netty-codec-http/4.1.105.Final/netty-codec-http-4.1.105.Final.jar:/Users/ryanturlington/.m2/repository/io/netty/netty-common/4.1.105.Final/netty-common-4.1.105.Final.jar:/Users/ryanturlington/.m2/repository/io/netty/netty-buffer/4.1.105.Final/netty-buffer-4.1.105.Final.jar:/Users/ryanturlington/.m2/repository/io/netty/netty-transport/4.1.105.Final/netty-transport-4.1.105.Final.jar:/Users/ryanturlington/.m2/repository/io/netty/netty-codec/4.1.105.Final/netty-codec-4.1.105.Final.jar:/Users/ryanturlington/.m2/repository/io/netty/netty-handler/4.1.105.Final/netty-handler-4.1.105.Final.jar:/Users/ryanturlington/.m2/repository/io/netty/netty-codec-http2/4.1.105.Final/netty-codec-http2-4.1.105.Final.jar:/Users/ryanturlington/.m2/repository/io/netty/netty-resolver-dns/4.1.105.Final/netty-resolver-dns-4.1.105.Final.jar:/Users/ryanturlington/.m2/repository/io/netty/netty-resolver/4.1.105.Final/netty-resolver-4.1.105.Final.jar:/Users/ryanturlington/.m2/repository/io/netty/netty-codec-dns/4.1.105.Final/netty-codec-dns-4.1.105.Final.jar:/Users/ryanturlington/.m2/repository/io/netty/netty-resolver-dns-native-macos/4.1.105.Final/netty-resolver-dns-native-macos-4.1.105.Final-osx-x86_64.jar:/Users/ryanturlington/.m2/repository/io/netty/netty-resolver-dns-classes-macos/4.1.105.Final/netty-resolver-dns-classes-macos-4.1.105.Final.jar:/Users/ryanturlington/.m2/repository/io/netty/netty-transport-native-epoll/4.1.105.Final/netty-transport-native-epoll-4.1.105.Final-linux-x86_64.jar:/Users/ryanturlington/.m2/repository/io/netty/netty-transport-native-unix-common/4.1.105.Final/netty-transport-native-unix-common-4.1.105.Final.jar:/Users/ryanturlington/.m2/repository/io/netty/netty-transport-classes-epoll/4.1.105.Final/netty-transport-classes-epoll-4.1.105.Final.jar:/Users/ryanturlington/.m2/repository/io/projectreactor/netty/reactor-netty-core/1.1.15/reactor-netty-core-1.1.15.jar:/Users/ryanturlington/.m2/repository/io/netty/netty-handler-proxy/4.1.105.Final/netty-handler-proxy-4.1.105.Final.jar:/Users/ryanturlington/.m2/repository/io/netty/netty-codec-socks/4.1.105.Final/netty-codec-socks-4.1.105.Final.jar:/Users/ryanturlington/.m2/repository/org/springframework/spring-web/6.1.3/spring-web-6.1.3.jar:/Users/ryanturlington/.m2/repository/io/micrometer/micrometer-observation/1.12.2/micrometer-observation-1.12.2.jar:/Users/ryanturlington/.m2/repository/io/micrometer/micrometer-commons/1.12.2/micrometer-commons-1.12.2.jar:/Users/ryanturlington/.m2/repository/org/springframework/spring-webflux/6.1.3/spring-webflux-6.1.3.jar:/Users/ryanturlington/.m2/repository/org/postgresql/postgresql/42.6.0/postgresql-42.6.0.jar:/Users/ryanturlington/.m2/repository/org/checkerframework/checker-qual/3.31.0/checker-qual-3.31.0.jar:/Users/ryanturlington/.m2/repository/org/springframework/boot/spring-boot-starter-test/3.2.2/spring-boot-starter-test-3.2.2.jar:/Users/ryanturlington/.m2/repository/org/springframework/boot/spring-boot-test/3.2.2/spring-boot-test-3.2.2.jar:/Users/ryanturlington/.m2/repository/org/springframework/boot/spring-boot-test-autoconfigure/3.2.2/spring-boot-test-autoconfigure-3.2.2.jar:/Users/ryanturlington/.m2/repository/com/jayway/jsonpath/json-path/2.8.0/json-path-2.8.0.jar:/Users/ryanturlington/.m2/repository/jakarta/xml/bind/jakarta.xml.bind-api/4.0.1/jakarta.xml.bind-api-4.0.1.jar:/Users/ryanturlington/.m2/repository/jakarta/activation/jakarta.activation-api/2.1.2/jakarta.activation-api-2.1.2.jar:/Users/ryanturlington/.m2/repository/net/minidev/json-smart/2.5.0/json-smart-2.5.0.jar:/Users/ryanturlington/.m2/repository/net/minidev/accessors-smart/2.5.0/accessors-smart-2.5.0.jar:/Users/ryanturlington/.m2/repository/org/ow2/asm/asm/9.3/asm-9.3.jar:/Users/ryanturlington/.m2/repository/org/assertj/assertj-core/3.24.2/assertj-core-3.24.2.jar:/Users/ryanturlington/.m2/repository/org/awaitility/awaitility/4.2.0/awaitility-4.2.0.jar:/Users/ryanturlington/.m2/repository/org/hamcrest/hamcrest/2.2/hamcrest-2.2.jar:/Users/ryanturlington/.m2/repository/org/junit/jupiter/junit-jupiter/5.10.1/junit-jupiter-5.10.1.jar:/Users/ryanturlington/.m2/repository/org/junit/jupiter/junit-jupiter-api/5.10.1/junit-jupiter-api-5.10.1.jar:/Users/ryanturlington/.m2/repository/org/opentest4j/opentest4j/1.3.0/opentest4j-1.3.0.jar:/Users/ryanturlington/.m2/repository/org/junit/platform/junit-platform-commons/1.10.1/junit-platform-commons-1.10.1.jar:/Users/ryanturlington/.m2/repository/org/apiguardian/apiguardian-api/1.1.2/apiguardian-api-1.1.2.jar:/Users/ryanturlington/.m2/repository/org/junit/jupiter/junit-jupiter-params/5.10.1/junit-jupiter-params-5.10.1.jar:/Users/ryanturlington/.m2/repository/org/junit/jupiter/junit-jupiter-engine/5.10.1/junit-jupiter-engine-5.10.1.jar:/Users/ryanturlington/.m2/repository/org/junit/platform/junit-platform-engine/1.10.1/junit-platform-engine-1.10.1.jar:/Users/ryanturlington/.m2/repository/org/mockito/mockito-core/5.7.0/mockito-core-5.7.0.jar:/Users/ryanturlington/.m2/repository/net/bytebuddy/byte-buddy-agent/1.14.11/byte-buddy-agent-1.14.11.jar:/Users/ryanturlington/.m2/repository/org/objenesis/objenesis/3.3/objenesis-3.3.jar:/Users/ryanturlington/.m2/repository/org/mockito/mockito-junit-jupiter/5.7.0/mockito-junit-jupiter-5.7.0.jar:/Users/ryanturlington/.m2/repository/org/skyscreamer/jsonassert/1.5.1/jsonassert-1.5.1.jar:/Users/ryanturlington/.m2/repository/com/vaadin/external/google/android-json/0.0.20131108.vaadin1/android-json-0.0.20131108.vaadin1.jar:/Users/ryanturlington/.m2/repository/org/springframework/spring-core/6.1.3/spring-core-6.1.3.jar:/Users/ryanturlington/.m2/repository/org/springframework/spring-jcl/6.1.3/spring-jcl-6.1.3.jar:/Users/ryanturlington/.m2/repository/org/springframework/spring-test/6.1.3/spring-test-6.1.3.jar:/Users/ryanturlington/.m2/repository/org/xmlunit/xmlunit-core/2.9.1/xmlunit-core-2.9.1.jar:/Users/ryanturlington/.m2/repository/io/projectreactor/reactor-test/3.6.2/reactor-test-3.6.2.jar:/Users/ryanturlington/.m2/repository/io/projectreactor/reactor-core/3.6.2/reactor-core-3.6.2.jar:/Users/ryanturlington/.m2/repository/org/reactivestreams/reactive-streams/1.0.4/reactive-streams-1.0.4.jar:"/>
    <property name="sun.cpu.endian" value="little"/>
    <property name="user.home" value="/Users/ryanturlington"/>
    <property name="user.language" value="en"/>
    <property name="java.specification.vendor" value="Oracle Corporation"/>
    <property name="java.version.date" value="2024-01-16"/>
    <property name="java.home" value="/opt/homebrew/Cellar/openjdk/21.0.2/libexec/openjdk.jdk/Contents/Home"/>
    <property name="file.separator" value="/"/>
    <property name="basedir" value="/Users/ryanturlington/IdeaProjects/SoftAppMusic/BackEnd"/>
    <property name="java.vm.compressedOopsMode" value="Zero based"/>
    <property name="line.separator" value="&#10;"/>
    <property name="java.vm.specification.vendor" value="Oracle Corporation"/>
    <property name="java.specification.name" value="Java Platform API Specification"/>
    <property name="FILE_LOG_CHARSET" value="UTF-8"/>
    <property name="java.awt.headless" value="true"/>
    <property name="apple.awt.application.name" value="ForkedBooter"/>
    <property name="surefire.real.class.path" value="/Users/ryanturlington/IdeaProjects/SoftAppMusic/BackEnd/target/surefire/surefirebooter-20240212151602595_3.jar"/>
    <property name="sun.management.compiler" value="HotSpot 64-Bit Tiered Compilers"/>
    <property name="ftp.nonProxyHosts" value="local|*.local|169.254/16|*.169.254/16"/>
    <property name="java.runtime.version" value="21.0.2"/>
    <property name="user.name" value="ryanturlington"/>
    <property name="stdout.encoding" value="UTF-8"/>
    <property name="path.separator" value=":"/>
    <property name="os.version" value="14.2.1"/>
    <property name="java.runtime.name" value="OpenJDK Runtime Environment"/>
    <property name="file.encoding" value="UTF-8"/>
    <property name="java.vm.name" value="OpenJDK 64-Bit Server VM"/>
    <property name="java.vendor.version" value="Homebrew"/>
    <property name="localRepository" value="/Users/ryanturlington/.m2/repository"/>
    <property name="java.vendor.url.bug" value="https://github.com/Homebrew/homebrew-core/issues"/>
    <property name="java.io.tmpdir" value="/var/folders/dx/9w913zgx59g7nc6r2yydm0hc0000gn/T/"/>
    <property name="com.zaxxer.hikari.pool_number" value="1"/>
    <property name="java.version" value="21.0.2"/>
    <property name="user.dir" value="/Users/ryanturlington/IdeaProjects/SoftAppMusic/BackEnd"/>
    <property name="os.arch" value="aarch64"/>
    <property name="java.vm.specification.name" value="Java Virtual Machine Specification"/>
    <property name="PID" value="82379"/>
    <property name="CONSOLE_LOG_CHARSET" value="UTF-8"/>
    <property name="native.encoding" value="UTF-8"/>
    <property name="java.library.path" value="/Users/ryanturlington/Library/Java/Extensions:/Library/Java/Extensions:/Network/Library/Java/Extensions:/System/Library/Java/Extensions:/usr/lib/java:."/>
    <property name="java.vm.info" value="mixed mode, sharing"/>
    <property name="stderr.encoding" value="UTF-8"/>
    <property name="java.vendor" value="Homebrew"/>
    <property name="java.vm.version" value="21.0.2"/>
    <property name="sun.io.unicode.encoding" value="UnicodeBig"/>
    <property name="socksNonProxyHosts" value="local|*.local|169.254/16|*.169.254/16"/>
    <property name="java.class.version" value="65.0"/>
  </properties>
  <testcase name="contextLoads" classname="com.example.demo.MusicAppApplicationTests" time="0.308">
    <system-out><![CDATA[15:16:02.896 [main] INFO org.springframework.test.context.support.AnnotationConfigContextLoaderUtils -- Could not detect default configuration classes for test class [com.example.demo.MusicAppApplicationTests]: MusicAppApplicationTests does not declare any static, non-private, non-final, nested classes annotated with @Configuration.
15:16:02.938 [main] INFO org.springframework.boot.test.context.SpringBootTestContextBootstrapper -- Found @SpringBootConfiguration com.example.demo.MusicAppApplication for test class com.example.demo.MusicAppApplicationTests

  .   ____          _            __ _ _
 /\\ / ___'_ __ _ _(_)_ __  __ _ \ \ \ \
( ( )\___ | '_ | '_| | '_ \/ _` | \ \ \ \
 \\/  ___)| |_)| | | | | || (_| |  ) ) ) )
  '  |____| .__|_| |_|_| |_\__, | / / / /
 =========|_|==============|___/=/_/_/_/
 :: Spring Boot ::                (v3.2.2)

2024-02-12T15:16:03.058-05:00  INFO 82379 --- [           main] c.example.demo.MusicAppApplicationTests  : Starting MusicAppApplicationTests using Java 21.0.2 with PID 82379 (started by ryanturlington in /Users/ryanturlington/IdeaProjects/SoftAppMusic/BackEnd)
2024-02-12T15:16:03.058-05:00  INFO 82379 --- [           main] c.example.demo.MusicAppApplicationTests  : No active profile set, falling back to 1 default profile: "default"
2024-02-12T15:16:03.255-05:00  INFO 82379 --- [           main] .s.d.r.c.RepositoryConfigurationDelegate : Bootstrapping Spring Data JPA repositories in DEFAULT mode.
2024-02-12T15:16:03.260-05:00  INFO 82379 --- [           main] .s.d.r.c.RepositoryConfigurationDelegate : Finished Spring Data repository scanning in 3 ms. Found 0 JPA repository interfaces.
2024-02-12T15:16:03.426-05:00  INFO 82379 --- [           main] o.hibernate.jpa.internal.util.LogHelper  : HHH000204: Processing PersistenceUnitInfo [name: default]
2024-02-12T15:16:03.457-05:00  INFO 82379 --- [           main] org.hibernate.Version                    : HHH000412: Hibernate ORM core version 6.4.1.Final
2024-02-12T15:16:03.468-05:00  INFO 82379 --- [           main] o.h.c.internal.RegionFactoryInitiator    : HHH000026: Second-level cache disabled
2024-02-12T15:16:03.554-05:00  INFO 82379 --- [           main] o.s.o.j.p.SpringPersistenceUnitInfo      : No LoadTimeWeaver setup: ignoring JPA class transformer
2024-02-12T15:16:03.563-05:00  INFO 82379 --- [           main] com.zaxxer.hikari.HikariDataSource       : HikariPool-1 - Starting...
2024-02-12T15:16:04.400-05:00  INFO 82379 --- [           main] com.zaxxer.hikari.pool.HikariPool        : HikariPool-1 - Added connection org.postgresql.jdbc.PgConnection@3d512652
2024-02-12T15:16:04.402-05:00  INFO 82379 --- [           main] com.zaxxer.hikari.HikariDataSource       : HikariPool-1 - Start completed.
2024-02-12T15:16:04.458-05:00  WARN 82379 --- [           main] org.hibernate.orm.deprecation            : HHH90000025: PostgreSQLDialect does not need to be specified explicitly using 'hibernate.dialect' (remove the property setting and it will be selected by default)
2024-02-12T15:16:04.747-05:00  INFO 82379 --- [           main] o.h.e.t.j.p.i.JtaPlatformInitiator       : HHH000489: No JTA platform available (set 'hibernate.transaction.jta.platform' to enable JTA platform integration)
2024-02-12T15:16:04.749-05:00  INFO 82379 --- [           main] j.LocalContainerEntityManagerFactoryBean : Initialized JPA EntityManagerFactory for persistence unit 'default'
2024-02-12T15:16:04.921-05:00  INFO 82379 --- [           main] c.example.demo.MusicAppApplicationTests  : Started MusicAppApplicationTests in 1.939 seconds (process running for 2.295)
]]></system-out>
    <system-err><![CDATA[WARNING: A Java agent has been loaded dynamically (/Users/ryanturlington/.m2/repository/net/bytebuddy/byte-buddy-agent/1.14.11/byte-buddy-agent-1.14.11.jar)
WARNING: If a serviceability tool is in use, please run with -XX:+EnableDynamicAgentLoading to hide this warning
WARNING: If a serviceability tool is not in use, please run with -Djdk.instrument.traceUsage for more information
WARNING: Dynamic loading of agents will be disallowed by default in a future release
]]></system-err>
  </testcase>
</testsuite>